Determining if the pthread_create exist failed with the following output:
Change Dir: /home/chris/catkin_ws/build/CMakeFiles/CMakeTmp

Run Build Command:"/usr/bin/make" "cmTC_fbec4/fast"
/usr/bin/make -f CMakeFiles/cmTC_fbec4.dir/build.make CMakeFiles/cmTC_fbec4.dir/build
make[1]: Entering directory '/home/chris/catkin_ws/build/CMakeFiles/CMakeTmp'
Building C object CMakeFiles/cmTC_fbec4.dir/CheckSymbolExists.c.o
/usr/bin/cc    -o CMakeFiles/cmTC_fbec4.dir/CheckSymbolExists.c.o   -c /home/chris/catkin_ws/build/CMakeFiles/CMakeTmp/CheckSymbolExists.c
Linking C executable cmTC_fbec4
/usr/bin/cmake -E cmake_link_script CMakeFiles/cmTC_fbec4.dir/link.txt --verbose=1
/usr/bin/cc      -rdynamic CMakeFiles/cmTC_fbec4.dir/CheckSymbolExists.c.o  -o cmTC_fbec4 
CMakeFiles/cmTC_fbec4.dir/CheckSymbolExists.c.o: In function `main':
CheckSymbolExists.c:(.text+0x1b): undefined reference to `pthread_create'
collect2: error: ld returned 1 exit status
CMakeFiles/cmTC_fbec4.dir/build.make:97: recipe for target 'cmTC_fbec4' failed
make[1]: *** [cmTC_fbec4] Error 1
make[1]: Leaving directory '/home/chris/catkin_ws/build/CMakeFiles/CMakeTmp'
Makefile:126: recipe for target 'cmTC_fbec4/fast' failed
make: *** [cmTC_fbec4/fast] Error 2

File /home/chris/catkin_ws/build/CMakeFiles/CMakeTmp/CheckSymbolExists.c:
/* */
#include <pthread.h>

int main(int argc, char** argv)
{
  (void)argv;
#ifndef pthread_create
  return ((int*)(&pthread_create))[argc];
#else
  (void)argc;
  return 0;
#endif
}

Determining if the function pthread_create exists in the pthreads failed with the following output:
Change Dir: /home/chris/catkin_ws/build/CMakeFiles/CMakeTmp

Run Build Command:"/usr/bin/make" "cmTC_d7563/fast"
/usr/bin/make -f CMakeFiles/cmTC_d7563.dir/build.make CMakeFiles/cmTC_d7563.dir/build
make[1]: Entering directory '/home/chris/catkin_ws/build/CMakeFiles/CMakeTmp'
Building C object CMakeFiles/cmTC_d7563.dir/CheckFunctionExists.c.o
/usr/bin/cc   -DCHECK_FUNCTION_EXISTS=pthread_create   -o CMakeFiles/cmTC_d7563.dir/CheckFunctionExists.c.o   -c /usr/share/cmake-3.10/Modules/CheckFunctionExists.c
Linking C executable cmTC_d7563
/usr/bin/cmake -E cmake_link_script CMakeFiles/cmTC_d7563.dir/link.txt --verbose=1
/usr/bin/cc  -DCHECK_FUNCTION_EXISTS=pthread_create    -rdynamic CMakeFiles/cmTC_d7563.dir/CheckFunctionExists.c.o  -o cmTC_d7563 -lpthreads 
/usr/bin/ld: cannot find -lpthreads
collect2: error: ld returned 1 exit status
CMakeFiles/cmTC_d7563.dir/build.make:97: recipe for target 'cmTC_d7563' failed
make[1]: *** [cmTC_d7563] Error 1
make[1]: Leaving directory '/home/chris/catkin_ws/build/CMakeFiles/CMakeTmp'
Makefile:126: recipe for target 'cmTC_d7563/fast' failed
make: *** [cmTC_d7563/fast] Error 2


